<?xml version="1.0" encoding="UTF-8"?>
<!-- Generated by org.testng.reporters.JUnitXMLReporter -->
<testsuite ignored="1" hostname="Poonams-MacBook-Air.local" failures="0" tests="1" name="Default test" time="20.463" errors="0" timestamp="2023-08-18T12:52:19 IST">
  <testcase classname="TestCase.Search_TestCase" name="searchProducts" time="16.904"/>
  <testcase classname="TestCase.Search_TestCase" name="SearchElectronics" time="0.0">
    <ignored/>
  </testcase> <!-- SearchElectronics -->
</testsuite> <!-- Default test -->
