<?xml version="1.0" encoding="UTF-8"?>
<testng-results ignored="0" total="1" passed="0" failed="1" skipped="0">
  <reporter-output>
  </reporter-output>
  <suite started-at="2023-08-22T17:42:47 IST" name="Default suite" finished-at="2023-08-22T17:42:52 IST" duration-ms="5700">
    <groups>
    </groups>
    <test started-at="2023-08-22T17:42:47 IST" name="Default test" finished-at="2023-08-22T17:42:52 IST" duration-ms="5700">
      <class name="TestCase.Search_TestCase">
        <test-method is-config="true" signature="SetupSuite()[pri:0, instance:TestCase.Search_TestCase@2cb4893b]" started-at="2023-08-22T17:42:46 IST" name="SetupSuite" finished-at="2023-08-22T17:42:47 IST" duration-ms="323" status="PASS">
          <reporter-output>
          </reporter-output>
        </test-method> <!-- SetupSuite -->
        <test-method is-config="true" signature="setup()[pri:0, instance:TestCase.Search_TestCase@2cb4893b]" started-at="2023-08-22T17:42:47 IST" name="setup" finished-at="2023-08-22T17:42:49 IST" duration-ms="2527" status="PASS">
          <reporter-output>
          </reporter-output>
        </test-method> <!-- setup -->
        <test-method signature="SearchElectronics()[pri:2, instance:TestCase.Search_TestCase@2cb4893b]" started-at="2023-08-22T17:42:49 IST" name="SearchElectronics" finished-at="2023-08-22T17:42:52 IST" duration-ms="3040" status="FAIL">
          <exception class="org.openqa.selenium.NoSuchWindowException">
            <message>
              <![CDATA[no such window: target window already closed
from unknown error: web view not found
  (Session info: chrome=116.0.5845.96)
Build info: version: '4.10.0', revision: 'c14d967899'
System info: os.name: 'Mac OS X', os.arch: 'aarch64', os.version: '13.4.1', java.version: '17.0.7'
Driver info: org.openqa.selenium.chrome.ChromeDriver
Command: [8c4ad9e7b949be041193a9bc00292f06, findElement {using=xpath, value=//*[@id='container']/div/div[1]/div/div/div/div/div[1]/div/div[1]/div/div[2]/div[1]/div/div[1]/div/div/div/div/div[1]/div[2]/div/div/span}]
Capabilities {acceptInsecureCerts: false, browserName: chrome, browserVersion: 116.0.5845.96, chrome: {chromedriverVersion: 116.0.5845.96 (1a3918166880..., userDataDir: /var/folders/_j/wcqflj114ll...}, fedcm:accounts: true, goog:chromeOptions: {debuggerAddress: localhost:53044}, networkConnectionEnabled: false, pageLoadStrategy: normal, platformName: mac, proxy: Proxy(), se:cdp: ws://localhost:53044/devtoo..., se:cdpVersion: 116.0.5845.96, setWindowRect: true, strictFileInteractability: false, timeouts: {implicit: 0, pageLoad: 300000, script: 30000}, unhandledPromptBehavior: dismiss and notify, webauthn:extension:credBlob: true, webauthn:extension:largeBlob: true, webauthn:extension:minPinLength: true, webauthn:extension:prf: true, webauthn:virtualAuthenticators: true}
Session ID: 8c4ad9e7b949be041193a9bc00292f06]]>
            </message>
            <full-stacktrace>
              <![CDATA[org.openqa.selenium.NoSuchWindowException: no such window: target window already closed
from unknown error: web view not found
  (Session info: chrome=116.0.5845.96)
Build info: version: '4.10.0', revision: 'c14d967899'
System info: os.name: 'Mac OS X', os.arch: 'aarch64', os.version: '13.4.1', java.version: '17.0.7'
Driver info: org.openqa.selenium.chrome.ChromeDriver
Command: [8c4ad9e7b949be041193a9bc00292f06, findElement {using=xpath, value=//*[@id='container']/div/div[1]/div/div/div/div/div[1]/div/div[1]/div/div[2]/div[1]/div/div[1]/div/div/div/div/div[1]/div[2]/div/div/span}]
Capabilities {acceptInsecureCerts: false, browserName: chrome, browserVersion: 116.0.5845.96, chrome: {chromedriverVersion: 116.0.5845.96 (1a3918166880..., userDataDir: /var/folders/_j/wcqflj114ll...}, fedcm:accounts: true, goog:chromeOptions: {debuggerAddress: localhost:53044}, networkConnectionEnabled: false, pageLoadStrategy: normal, platformName: mac, proxy: Proxy(), se:cdp: ws://localhost:53044/devtoo..., se:cdpVersion: 116.0.5845.96, setWindowRect: true, strictFileInteractability: false, timeouts: {implicit: 0, pageLoad: 300000, script: 30000}, unhandledPromptBehavior: dismiss and notify, webauthn:extension:credBlob: true, webauthn:extension:largeBlob: true, webauthn:extension:minPinLength: true, webauthn:extension:prf: true, webauthn:virtualAuthenticators: true}
Session ID: 8c4ad9e7b949be041193a9bc00292f06
at java.base/jdk.internal.reflect.NativeConstructorAccessorImpl.newInstance0(Native Method)
at java.base/jdk.internal.reflect.NativeConstructorAccessorImpl.newInstance(NativeConstructorAccessorImpl.java:77)
at java.base/jdk.internal.reflect.DelegatingConstructorAccessorImpl.newInstance(DelegatingConstructorAccessorImpl.java:45)
at java.base/java.lang.reflect.Constructor.newInstanceWithCaller(Constructor.java:499)
at java.base/java.lang.reflect.Constructor.newInstance(Constructor.java:480)
at org.openqa.selenium.remote.codec.w3c.W3CHttpResponseCodec.createException(W3CHttpResponseCodec.java:199)
at org.openqa.selenium.remote.codec.w3c.W3CHttpResponseCodec.decode(W3CHttpResponseCodec.java:132)
at org.openqa.selenium.remote.codec.w3c.W3CHttpResponseCodec.decode(W3CHttpResponseCodec.java:51)
at org.openqa.selenium.remote.HttpCommandExecutor.execute(HttpCommandExecutor.java:191)
at org.openqa.selenium.remote.service.DriverCommandExecutor.invokeExecute(DriverCommandExecutor.java:196)
at org.openqa.selenium.remote.service.DriverCommandExecutor.execute(DriverCommandExecutor.java:171)
at org.openqa.selenium.remote.RemoteWebDriver.execute(RemoteWebDriver.java:531)
at org.openqa.selenium.remote.ElementLocation$ElementFinder$2.findElement(ElementLocation.java:165)
at org.openqa.selenium.remote.ElementLocation.findElement(ElementLocation.java:59)
at org.openqa.selenium.remote.RemoteWebDriver.findElement(RemoteWebDriver.java:350)
at org.openqa.selenium.remote.RemoteWebDriver.findElement(RemoteWebDriver.java:344)
at org.openqa.selenium.support.pagefactory.DefaultElementLocator.findElement(DefaultElementLocator.java:68)
at org.openqa.selenium.support.pagefactory.internal.LocatingElementHandler.invoke(LocatingElementHandler.java:38)
at jdk.proxy2/jdk.proxy2.$Proxy17.click(Unknown Source)
at PAgeObject.CategoryPage.searchOncategory(CategoryPage.java:33)
at TestCase.Search_TestCase.SearchElectronics(Search_TestCase.java:30)
at java.base/jdk.internal.reflect.NativeMethodAccessorImpl.invoke0(Native Method)
at java.base/jdk.internal.reflect.NativeMethodAccessorImpl.invoke(NativeMethodAccessorImpl.java:77)
at java.base/jdk.internal.reflect.DelegatingMethodAccessorImpl.invoke(DelegatingMethodAccessorImpl.java:43)
at java.base/java.lang.reflect.Method.invoke(Method.java:568)
at org.testng.internal.invokers.MethodInvocationHelper.invokeMethod(MethodInvocationHelper.java:139)
at org.testng.internal.invokers.TestInvoker.invokeMethod(TestInvoker.java:664)
at org.testng.internal.invokers.TestInvoker.invokeTestMethod(TestInvoker.java:227)
at org.testng.internal.invokers.MethodRunner.runInSequence(MethodRunner.java:50)
at org.testng.internal.invokers.TestInvoker$MethodInvocationAgent.invoke(TestInvoker.java:957)
at org.testng.internal.invokers.TestInvoker.invokeTestMethods(TestInvoker.java:200)
at org.testng.internal.invokers.TestMethodWorker.invokeTestMethods(TestMethodWorker.java:148)
at org.testng.internal.invokers.TestMethodWorker.run(TestMethodWorker.java:128)
at java.base/java.util.ArrayList.forEach(ArrayList.java:1511)
at org.testng.TestRunner.privateRun(TestRunner.java:848)
at org.testng.TestRunner.run(TestRunner.java:621)
at org.testng.SuiteRunner.runTest(SuiteRunner.java:443)
at org.testng.SuiteRunner.runSequentially(SuiteRunner.java:437)
at org.testng.SuiteRunner.privateRun(SuiteRunner.java:397)
at org.testng.SuiteRunner.run(SuiteRunner.java:336)
at org.testng.SuiteRunnerWorker.runSuite(SuiteRunnerWorker.java:52)
at org.testng.SuiteRunnerWorker.run(SuiteRunnerWorker.java:95)
at org.testng.TestNG.runSuitesSequentially(TestNG.java:1280)
at org.testng.TestNG.runSuitesLocally(TestNG.java:1200)
at org.testng.TestNG.runSuites(TestNG.java:1114)
at org.testng.TestNG.run(TestNG.java:1082)
at org.testng.remote.AbstractRemoteTestNG.run(AbstractRemoteTestNG.java:115)
at org.testng.remote.RemoteTestNG.initAndRun(RemoteTestNG.java:251)
at org.testng.remote.RemoteTestNG.main(RemoteTestNG.java:77)
]]>
            </full-stacktrace>
          </exception> <!-- org.openqa.selenium.NoSuchWindowException -->
          <reporter-output>
          </reporter-output>
        </test-method> <!-- SearchElectronics -->
        <test-method is-config="true" signature="closeBrowser()[pri:0, instance:TestCase.Search_TestCase@2cb4893b]" started-at="2023-08-22T17:42:52 IST" name="closeBrowser" finished-at="2023-08-22T17:42:52 IST" duration-ms="114" status="PASS">
          <reporter-output>
          </reporter-output>
        </test-method> <!-- closeBrowser -->
      </class> <!-- TestCase.Search_TestCase -->
    </test> <!-- Default test -->
  </suite> <!-- Default suite -->
</testng-results>
