<?xml version="1.0" encoding="UTF-8"?>
<testng-results ignored="0" total="1" passed="1" failed="0" skipped="0">
  <reporter-output>
  </reporter-output>
  <suite started-at="2023-08-18T12:51:53 IST" name="Default suite" finished-at="2023-08-18T12:52:14 IST" duration-ms="20463">
    <groups>
    </groups>
    <test started-at="2023-08-18T12:51:53 IST" name="Default test" finished-at="2023-08-18T12:52:14 IST" duration-ms="20463">
      <class name="TestCase.Search_TestCase">
        <test-method is-config="true" signature="SetupSuite()[pri:0, instance:TestCase.Search_TestCase@2cb4893b]" started-at="2023-08-18T12:51:53 IST" name="SetupSuite" finished-at="2023-08-18T12:51:53 IST" duration-ms="307" status="PASS">
          <reporter-output>
          </reporter-output>
        </test-method> <!-- SetupSuite -->
        <test-method is-config="true" signature="setup()[pri:0, instance:TestCase.Search_TestCase@2cb4893b]" started-at="2023-08-18T12:51:54 IST" name="setup" finished-at="2023-08-18T12:51:57 IST" duration-ms="3542" status="PASS">
          <reporter-output>
          </reporter-output>
        </test-method> <!-- setup -->
        <test-method signature="searchProducts()[pri:1, instance:TestCase.Search_TestCase@2cb4893b]" started-at="2023-08-18T12:51:57 IST" name="searchProducts" finished-at="2023-08-18T12:52:14 IST" duration-ms="16904" status="PASS">
          <reporter-output>
          </reporter-output>
        </test-method> <!-- searchProducts -->
        <test-method is-config="true" signature="closeBrowser()[pri:0, instance:TestCase.Search_TestCase@2cb4893b]" started-at="2023-08-18T12:52:14 IST" name="closeBrowser" finished-at="2023-08-18T12:52:14 IST" duration-ms="0" status="PASS">
          <reporter-output>
          </reporter-output>
        </test-method> <!-- closeBrowser -->
      </class> <!-- TestCase.Search_TestCase -->
    </test> <!-- Default test -->
  </suite> <!-- Default suite -->
</testng-results>
