<?xml version="1.0" encoding="UTF-8"?>
<!-- Generated by org.testng.reporters.JUnitReportReporter -->
<testsuite hostname="Poonams-MacBook-Air.local" failures="0" tests="2" name="TestCase.Search_TestCase" time="20.446" errors="0" timestamp="2023-08-18T12:52:19 IST" skipped="1">
  <testcase classname="TestCase.Search_TestCase" name="searchProducts" time="20.446"/>
  <testcase classname="TestCase.Search_TestCase" name="SearchElectronics">
    <skipped/>
  </testcase> <!-- SearchElectronics -->
</testsuite> <!-- TestCase.Search_TestCase -->
